<?xml version="1.0" encoding="UTF-8"?>
<testng-results skipped="0" failed="0" ignored="0" total="2" passed="2">
  <reporter-output>
  </reporter-output>
  <suite name="Default suite" duration-ms="1677" started-at="2021-02-21T12:08:01 UTC" finished-at="2021-02-21T12:08:03 UTC">
    <groups>
    </groups>
    <test name="Default test" duration-ms="1677" started-at="2021-02-21T12:08:01 UTC" finished-at="2021-02-21T12:08:03 UTC">
      <class name="com.reqres.packag.Assessment">
        <test-method status="PASS" signature="setup()[pri:0, instance:com.reqres.packag.Assessment@7d0587f1]" name="setup" is-config="true" duration-ms="75" started-at="2021-02-21T12:08:01 UTC" finished-at="2021-02-21T12:08:01 UTC">
          <reporter-output>
          </reporter-output>
        </test-method> <!-- setup -->
        <test-method status="PASS" signature="BeforeMethod()[pri:0, instance:com.reqres.packag.Assessment@7d0587f1]" name="BeforeMethod" is-config="true" duration-ms="447" started-at="2021-02-21T12:08:01 UTC" finished-at="2021-02-21T12:08:02 UTC">
          <reporter-output>
          </reporter-output>
        </test-method> <!-- BeforeMethod -->
        <test-method status="PASS" signature="GetSingleUserRequest()[pri:1, instance:com.reqres.packag.Assessment@7d0587f1]" name="GetSingleUserRequest" duration-ms="939" started-at="2021-02-21T12:08:02 UTC" finished-at="2021-02-21T12:08:03 UTC">
          <reporter-output>
          </reporter-output>
        </test-method> <!-- GetSingleUserRequest -->
        <test-method status="PASS" signature="BeforeMethod()[pri:0, instance:com.reqres.packag.Assessment@7d0587f1]" name="BeforeMethod" is-config="true" duration-ms="0" started-at="2021-02-21T12:08:03 UTC" finished-at="2021-02-21T12:08:03 UTC">
          <reporter-output>
          </reporter-output>
        </test-method> <!-- BeforeMethod -->
        <test-method status="PASS" signature="PostRequest()[pri:2, instance:com.reqres.packag.Assessment@7d0587f1]" name="PostRequest" duration-ms="261" started-at="2021-02-21T12:08:03 UTC" finished-at="2021-02-21T12:08:03 UTC">
          <reporter-output>
          </reporter-output>
        </test-method> <!-- PostRequest -->
      </class> <!-- com.reqres.packag.Assessment -->
    </test> <!-- Default test -->
  </suite> <!-- Default suite -->
</testng-results>
